ale,2025-01-07 23:38:23
ale,2025-01-07 23:33:17
ale,2025-01-07 23:27:09
ale,2025-01-07 23:26:57
ale,2025-01-07 23:23:54
ale,2025-01-07 23:23:43
ale,2025-01-07 23:23:26
ale,2025-01-07 23:21:08
Desconocido,2025-01-07 23:20:59
ale,2025-01-07 23:19:24
mama,2025-01-07 23:12:10
Desconocido,2025-01-07 23:11:52
mama,2025-01-07 23:11:25
Prueba,2025-01-07 21:55:43
Prueba,2025-01-07 21:55:23
Prueba,2025-01-07 21:49:50
Prueba,2025-01-07 21:47:18
Prueba,2025-01-07 21:46:49
Prueba,2025-01-07 21:42:49
Prueba,2025-01-07 21:42:17
papa,2025-01-07 21:39:38
papa,2025-01-07 21:39:02
Desconocido,2025-01-07 21:38:29
papa,2025-01-07 21:37:21
mama,2025-01-07 21:31:36
mama,2025-01-07 21:30:16
Desconocido,2025-01-07 21:27:01
Desconocido,2025-01-07 21:26:40
Desconocido,2025-01-07 21:26:02
Desconocido,2025-01-07 21:25:39
Desconocido,2025-01-07 21:25:30
Prueba,2025-01-07 21:12:03
Prueba,2025-01-07 21:00:43
Prueba,2025-01-07 21:00:38
Prueba,2025-01-07 21:00:18
Prueba,2025-01-07 20:49:42
Prueba,2025-01-07 20:28:07
ale,2025-01-07 20:25:06
ale,2025-01-07 15:48:38
Desconocido,2025-01-07 15:47:48
Desconocido,2025-01-07 15:47:34
Desconocido,2025-01-07 15:47:17
Desconocido,2025-01-07 15:47:06
Desconocido,2025-01-07 15:46:56
ale,2025-01-07 15:45:43
Desconocido,2025-01-07 15:45:00
ale,2025-01-07 15:44:33
bebb,2025-01-07 15:43:57
ale,2025-01-07 15:41:15
riki,2025-01-07 03:12:57
Desconocido,2025-01-07 03:12:37
opo,2025-01-07 03:12:24
riki,2025-01-07 03:04:31
